<?xml version="1.0" encoding="UTF-8"?>
<coverage generated="1696526270516" clover="3.2.0">
  <project timestamp="1696526270516" name="All files">
    <metrics statements="3" coveredstatements="3" conditionals="0" coveredconditionals="0" methods="0" coveredmethods="0" elements="3" coveredelements="3" complexity="0" loc="3" ncloc="3" packages="4" files="9" classes="9"/>
    <package name="src">
      <metrics statements="1" coveredstatements="1" conditionals="0" coveredconditionals="0" methods="0" coveredmethods="0"/>
      <file name="App.vue" path="/Users/vanessaholland/src/fitness-challenge/client/src/App.vue">
        <metrics statements="0" coveredstatements="0" conditionals="0" coveredconditionals="0" methods="0" coveredmethods="0"/>
      </file>
      <file name="main.js" path="/Users/vanessaholland/src/fitness-challenge/client/src/main.js">
        <metrics statements="1" coveredstatements="1" conditionals="0" coveredconditionals="0" methods="0" coveredmethods="0"/>
        <line num="7" count="1" type="stmt"/>
      </file>
    </package>
    <package name="src.components">
      <metrics statements="0" coveredstatements="0" conditionals="0" coveredconditionals="0" methods="0" coveredmethods="0"/>
      <file name="ActivityFeed.vue" path="/Users/vanessaholland/src/fitness-challenge/client/src/components/ActivityFeed.vue">
        <metrics statements="0" coveredstatements="0" conditionals="0" coveredconditionals="0" methods="0" coveredmethods="0"/>
      </file>
      <file name="ClubFeed.vue" path="/Users/vanessaholland/src/fitness-challenge/client/src/components/ClubFeed.vue">
        <metrics statements="0" coveredstatements="0" conditionals="0" coveredconditionals="0" methods="0" coveredmethods="0"/>
      </file>
      <file name="Leaderboard.vue" path="/Users/vanessaholland/src/fitness-challenge/client/src/components/Leaderboard.vue">
        <metrics statements="0" coveredstatements="0" conditionals="0" coveredconditionals="0" methods="0" coveredmethods="0"/>
      </file>
      <file name="NavBar.vue" path="/Users/vanessaholland/src/fitness-challenge/client/src/components/NavBar.vue">
        <metrics statements="0" coveredstatements="0" conditionals="0" coveredconditionals="0" methods="0" coveredmethods="0"/>
      </file>
      <file name="Ping.vue" path="/Users/vanessaholland/src/fitness-challenge/client/src/components/Ping.vue">
        <metrics statements="0" coveredstatements="0" conditionals="0" coveredconditionals="0" methods="0" coveredmethods="0"/>
      </file>
    </package>
    <package name="src.router">
      <metrics statements="2" coveredstatements="2" conditionals="0" coveredconditionals="0" methods="0" coveredmethods="0"/>
      <file name="index.js" path="/Users/vanessaholland/src/fitness-challenge/client/src/router/index.js">
        <metrics statements="2" coveredstatements="2" conditionals="0" coveredconditionals="0" methods="0" coveredmethods="0"/>
        <line num="8" count="1" type="stmt"/>
        <line num="36" count="1" type="stmt"/>
      </file>
    </package>
    <package name="src.views">
      <metrics statements="0" coveredstatements="0" conditionals="0" coveredconditionals="0" methods="0" coveredmethods="0"/>
      <file name="HomeView.vue" path="/Users/vanessaholland/src/fitness-challenge/client/src/views/HomeView.vue">
        <metrics statements="0" coveredstatements="0" conditionals="0" coveredconditionals="0" methods="0" coveredmethods="0"/>
      </file>
    </package>
  </project>
</coverage>
