{"/Users/vanessaholland/src/fitness-challenge/client/cypress/support/commands.js": {"path":"/Users/vanessaholland/src/fitness-challenge/client/cypress/support/commands.js","statementMap":{"0":{"start":{"line":26,"column":0},"end":{"line":28,"column":2}},"1":{"start":{"line":27,"column":4},"end":{"line":27,"column":89}}},"fnMap":{"0":{"name":"(anonymous_0)","decl":{"start":{"line":26,"column":36},"end":{"line":26,"column":37}},"loc":{"start":{"line":26,"column":42},"end":{"line":28,"column":1}},"line":26}},"branchMap":{},"s":{"0":1,"1":1},"f":{"0":1},"b":{},"_coverageSchema":"1a1c01bbd47fc00a2c39e90264f33305004495a9","hash":"4908b0573f1e0b271f7fd86d3b48af1dcf860ba2"}
,"/Users/vanessaholland/src/fitness-challenge/client/cypress/support/e2e.js": {"path":"/Users/vanessaholland/src/fitness-challenge/client/cypress/support/e2e.js","statementMap":{},"fnMap":{},"branchMap":{},"s":{},"f":{},"b":{},"_coverageSchema":"1a1c01bbd47fc00a2c39e90264f33305004495a9","hash":"ba6d106a390d66b2be3e90870251bd5c56662d1c"}
,"/Users/vanessaholland/src/fitness-challenge/client/src/main.js": {"path":"/Users/vanessaholland/src/fitness-challenge/client/src/main.js","statementMap":{"0":{"start":{"line":7,"column":0},"end":{"line":7,"column":41}}},"fnMap":{},"branchMap":{},"s":{"0":1},"f":{},"b":{},"_coverageSchema":"1a1c01bbd47fc00a2c39e90264f33305004495a9","hash":"c53bf5d05e6fbb8aba7ec2fbc6d3a4d6149adb41"}
,"/Users/vanessaholland/src/fitness-challenge/client/src/router/index.js": {"path":"/Users/vanessaholland/src/fitness-challenge/client/src/router/index.js","statementMap":{"0":{"start":{"line":8,"column":15},"end":{"line":34,"column":1}},"1":{"start":{"line":36,"column":15},"end":{"line":39,"column":2}}},"fnMap":{},"branchMap":{},"s":{"0":1,"1":1},"f":{},"b":{},"_coverageSchema":"1a1c01bbd47fc00a2c39e90264f33305004495a9","hash":"aa7abcee672fcd45b1fe5069a583f8e59f8400b1"}
}
