{"/Users/vanessaholland/src/fitness-challenge/client/src/App.vue": {"path":"/Users/vanessaholland/src/fitness-challenge/client/src/App.vue","statementMap":{},"fnMap":{},"branchMap":{},"s":{},"f":{},"b":{}}
,"/Users/vanessaholland/src/fitness-challenge/client/src/main.js": {"path":"/Users/vanessaholland/src/fitness-challenge/client/src/main.js","statementMap":{"0":{"start":{"line":7,"column":0},"end":{"line":7,"column":41}}},"fnMap":{},"branchMap":{},"s":{"0":1},"f":{},"b":{},"_coverageSchema":"1a1c01bbd47fc00a2c39e90264f33305004495a9","hash":"c53bf5d05e6fbb8aba7ec2fbc6d3a4d6149adb41"}
,"/Users/vanessaholland/src/fitness-challenge/client/src/components/ActivityFeed.vue": {"path":"/Users/vanessaholland/src/fitness-challenge/client/src/components/ActivityFeed.vue","statementMap":{},"fnMap":{},"branchMap":{},"s":{},"f":{},"b":{}}
,"/Users/vanessaholland/src/fitness-challenge/client/src/components/ClubFeed.vue": {"path":"/Users/vanessaholland/src/fitness-challenge/client/src/components/ClubFeed.vue","statementMap":{},"fnMap":{},"branchMap":{},"s":{},"f":{},"b":{}}
,"/Users/vanessaholland/src/fitness-challenge/client/src/components/Leaderboard.vue": {"path":"/Users/vanessaholland/src/fitness-challenge/client/src/components/Leaderboard.vue","statementMap":{},"fnMap":{},"branchMap":{},"s":{},"f":{},"b":{}}
,"/Users/vanessaholland/src/fitness-challenge/client/src/components/NavBar.vue": {"path":"/Users/vanessaholland/src/fitness-challenge/client/src/components/NavBar.vue","statementMap":{},"fnMap":{},"branchMap":{},"s":{},"f":{},"b":{}}
,"/Users/vanessaholland/src/fitness-challenge/client/src/components/Ping.vue": {"path":"/Users/vanessaholland/src/fitness-challenge/client/src/components/Ping.vue","statementMap":{},"fnMap":{},"branchMap":{},"s":{},"f":{},"b":{}}
,"/Users/vanessaholland/src/fitness-challenge/client/src/router/index.js": {"path":"/Users/vanessaholland/src/fitness-challenge/client/src/router/index.js","statementMap":{"0":{"start":{"line":8,"column":15},"end":{"line":34,"column":1}},"1":{"start":{"line":36,"column":15},"end":{"line":39,"column":2}}},"fnMap":{},"branchMap":{},"s":{"0":1,"1":1},"f":{},"b":{},"_coverageSchema":"1a1c01bbd47fc00a2c39e90264f33305004495a9","hash":"aa7abcee672fcd45b1fe5069a583f8e59f8400b1"}
,"/Users/vanessaholland/src/fitness-challenge/client/src/views/HomeView.vue": {"path":"/Users/vanessaholland/src/fitness-challenge/client/src/views/HomeView.vue","statementMap":{},"fnMap":{},"branchMap":{},"s":{},"f":{},"b":{}}
}
